<?xml version="1.0" encoding="UTF-8"?>
<!-- Generated by org.testng.reporters.JUnitReportReporter -->
<testsuite hostname="DESKTOP-MD06342" failures="0" tests="2" name="gradeprime.users" time="13.651" errors="0" timestamp="2025-05-22T19:44:40 IST" skipped="0">
  <testcase classname="gradeprime.users" name="add" time="0.085"/>
  <testcase classname="gradeprime.users" name="movetouser" time="13.566"/>
</testsuite> <!-- gradeprime.users -->
