<?xml version="1.0" encoding="UTF-8"?>
<!-- Generated by org.testng.reporters.JUnitReportReporter -->
<testsuite hostname="DESKTOP-MD06342" failures="0" tests="1" name="gradeprime.login" time="16.774" errors="0" timestamp="2025-04-30T22:23:56 IST" skipped="0">
  <testcase classname="gradeprime.login" name="correctlogin" time="16.774"/>
</testsuite> <!-- gradeprime.login -->
