<?xml version="1.0" encoding="UTF-8"?>
<!-- Generated by org.testng.reporters.JUnitReportReporter -->
<testsuite hostname="DESKTOP-MD06342" failures="0" tests="1" name="gradeprime.login" time="7.857" errors="0" timestamp="2025-04-27T11:08:28 IST" skipped="0">
  <testcase classname="gradeprime.login" name="validlogin" time="7.857"/>
</testsuite> <!-- gradeprime.login -->
