<?xml version="1.0" encoding="UTF-8"?>
<!-- Generated by org.testng.reporters.JUnitReportReporter -->
<testsuite hostname="DESKTOP-MD06342" failures="0" tests="7" name="gradeprime.login" time="29.824" errors="0" timestamp="2025-05-05T21:10:40 IST" skipped="6">
  <testcase classname="gradeprime.login" name="correctlogin" time="29.824"/>
  <testcase classname="gradeprime.login" name="invalidusername">
    <skipped/>
  </testcase> <!-- invalidusername -->
  <testcase classname="gradeprime.login" name="invalidpassword">
    <skipped/>
  </testcase> <!-- invalidpassword -->
  <testcase classname="gradeprime.login" name="forgotbuttonwithoutid">
    <skipped/>
  </testcase> <!-- forgotbuttonwithoutid -->
  <testcase classname="gradeprime.login" name="signup">
    <skipped/>
  </testcase> <!-- signup -->
  <testcase classname="gradeprime.login" name="frgotbuttonwithid">
    <skipped/>
  </testcase> <!-- frgotbuttonwithid -->
  <testcase classname="gradeprime.login" name="blankfields">
    <skipped/>
  </testcase> <!-- blankfields -->
</testsuite> <!-- gradeprime.login -->
